# JRE version: OpenJDK Runtime Environment (8.0_212-b04) (build 1.8.0_212-release-1586-b04)
# Java VM: OpenJDK 64-Bit Server VM (25.212-b04 mixed mode windows-amd64 compressed oops)
Heap:
 PSYoungGen      total 367616K, used 316334K [0x00000000e0000000, 0x00000000ffb80000, 0x0000000100000000)
  eden space 230912K, 100% used [0x00000000e0000000,0x00000000ee180000,0x00000000ee180000)
  from space 136704K, 62% used [0x00000000f6680000,0x00000000fb9ebb88,0x00000000fec00000)
  to   space 136192K, 86% used [0x00000000ee180000,0x00000000f548fda0,0x00000000f6680000)
 ParOldGen       total 997376K, used 710283K [0x00000000a0000000, 0x00000000dce00000, 0x00000000e0000000)
  object space 997376K, 71% used [0x00000000a0000000,0x00000000cb5a2e00,0x00000000dce00000)
 Metaspace       used 147596K, capacity 154950K, committed 155096K, reserved 1183744K
  class space    used 18887K, capacity 20360K, committed 20440K, reserved 1048576K
GC Heap History (10 events):
Event: 1490.052 GC heap after
Heap after GC invocations=38 (full 6):
 PSYoungGen      total 373248K, used 95795K [0x00000000e0000000, 0x0000000100000000, 0x0000000100000000)
  eden space 231424K, 0% used [0x00000000e0000000,0x00000000e0000000,0x00000000ee200000)
  from space 141824K, 67% used [0x00000000f7580000,0x00000000fd30ce10,0x0000000100000000)
  to   space 146432K, 0% used [0x00000000ee200000,0x00000000ee200000,0x00000000f7100000)
 ParOldGen       total 620032K, used 333110K [0x00000000a0000000, 0x00000000c5d80000, 0x00000000e0000000)
  object space 620032K, 53% used [0x00000000a0000000,0x00000000b454d818,0x00000000c5d80000)
 Metaspace       used 136092K, capacity 142508K, committed 142680K, reserved 1173504K
  class space    used 17685K, capacity 18956K, committed 19032K, reserved 1048576K
}
Event: 1492.597 GC heap before
{Heap before GC invocations=39 (full 6):
 PSYoungGen      total 373248K, used 327219K [0x00000000e0000000, 0x0000000100000000, 0x0000000100000000)
  eden space 231424K, 100% used [0x00000000e0000000,0x00000000ee200000,0x00000000ee200000)
  from space 141824K, 67% used [0x00000000f7580000,0x00000000fd30ce10,0x0000000100000000)
  to   space 146432K, 0% used [0x00000000ee200000,0x00000000ee200000,0x00000000f7100000)
 ParOldGen       total 620032K, used 333110K [0x00000000a0000000, 0x00000000c5d80000, 0x00000000e0000000)
  object space 620032K, 53% used [0x00000000a0000000,0x00000000b454d818,0x00000000c5d80000)
 Metaspace       used 136147K, capacity 142572K, committed 142680K, reserved 1173504K
  class space    used 17686K, capacity 18956K, committed 19032K, reserved 1048576K
Event: 1492.685 GC heap after
Heap after GC invocations=39 (full 6):
 PSYoungGen      total 330240K, used 98772K [0x00000000e0000000, 0x0000000100000000, 0x0000000100000000)
  eden space 231424K, 0% used [0x00000000e0000000,0x00000000e0000000,0x00000000ee200000)
  from space 98816K, 99% used [0x00000000ee200000,0x00000000f4275350,0x00000000f4280000)
  to   space 150528K, 0% used [0x00000000f6d00000,0x00000000f6d00000,0x0000000100000000)
 ParOldGen       total 620032K, used 333118K [0x00000000a0000000, 0x00000000c5d80000, 0x00000000e0000000)
  object space 620032K, 53% used [0x00000000a0000000,0x00000000b454f818,0x00000000c5d80000)
 Metaspace       used 136147K, capacity 142572K, committed 142680K, reserved 1173504K
  class space    used 17686K, capacity 18956K, committed 19032K, reserved 1048576K
}
Event: 1507.482 GC heap before
{Heap before GC invocations=40 (full 6):
 PSYoungGen      total 330240K, used 330196K [0x00000000e0000000, 0x0000000100000000, 0x0000000100000000)
  eden space 231424K, 100% used [0x00000000e0000000,0x00000000ee200000,0x00000000ee200000)
  from space 98816K, 99% used [0x00000000ee200000,0x00000000f4275350,0x00000000f4280000)
  to   space 150528K, 0% used [0x00000000f6d00000,0x00000000f6d00000,0x0000000100000000)
 ParOldGen       total 620032K, used 333118K [0x00000000a0000000, 0x00000000c5d80000, 0x00000000e0000000)
  object space 620032K, 53% used [0x00000000a0000000,0x00000000b454f818,0x00000000c5d80000)
 Metaspace       used 138928K, capacity 145428K, committed 145624K, reserved 1175552K
  class space    used 18047K, capacity 19329K, committed 19416K, reserved 1048576K
Event: 1507.564 GC heap after
Heap after GC invocations=40 (full 6):
 PSYoungGen      total 380928K, used 63938K [0x00000000e0000000, 0x0000000100000000, 0x0000000100000000)
  eden space 230400K, 0% used [0x00000000e0000000,0x00000000e0000000,0x00000000ee100000)
  from space 150528K, 42% used [0x00000000f6d00000,0x00000000fab70a08,0x0000000100000000)
  to   space 143360K, 0% used [0x00000000ee100000,0x00000000ee100000,0x00000000f6d00000)
 ParOldGen       total 620032K, used 333126K [0x00000000a0000000, 0x00000000c5d80000, 0x00000000e0000000)
  object space 620032K, 53% used [0x00000000a0000000,0x00000000b4551818,0x00000000c5d80000)
 Metaspace       used 138928K, capacity 145428K, committed 145624K, reserved 1175552K
  class space    used 18047K, capacity 19329K, committed 19416K, reserved 1048576K
}
Event: 3063.421 GC heap before
{Heap before GC invocations=41 (full 6):
 PSYoungGen      total 380928K, used 294338K [0x00000000e0000000, 0x0000000100000000, 0x0000000100000000)
  eden space 230400K, 100% used [0x00000000e0000000,0x00000000ee100000,0x00000000ee100000)
  from space 150528K, 42% used [0x00000000f6d00000,0x00000000fab70a08,0x0000000100000000)
  to   space 143360K, 0% used [0x00000000ee100000,0x00000000ee100000,0x00000000f6d00000)
 ParOldGen       total 620032K, used 333126K [0x00000000a0000000, 0x00000000c5d80000, 0x00000000e0000000)
  object space 620032K, 53% used [0x00000000a0000000,0x00000000b4551818,0x00000000c5d80000)
 Metaspace       used 145370K, capacity 152634K, committed 152792K, reserved 1181696K
  class space    used 18663K, capacity 20116K, committed 20184K, reserved 1048576K
Event: 3063.487 GC heap after
Heap after GC invocations=41 (full 6):
 PSYoungGen      total 301056K, used 70584K [0x00000000e0000000, 0x00000000fec00000, 0x0000000100000000)
  eden space 230400K, 0% used [0x00000000e0000000,0x00000000e0000000,0x00000000ee100000)
  from space 70656K, 99% used [0x00000000ee100000,0x00000000f25ee1c8,0x00000000f2600000)
  to   space 136704K, 0% used [0x00000000f6680000,0x00000000f6680000,0x00000000fec00000)
 ParOldGen       total 620032K, used 333134K [0x00000000a0000000, 0x00000000c5d80000, 0x00000000e0000000)
  object space 620032K, 53% used [0x00000000a0000000,0x00000000b4553818,0x00000000c5d80000)
 Metaspace       used 145370K, capacity 152634K, committed 152792K, reserved 1181696K
  class space    used 18663K, capacity 20116K, committed 20184K, reserved 1048576K
}
Event: 3066.559 GC heap before
{Heap before GC invocations=42 (full 6):
 PSYoungGen      total 301056K, used 300984K [0x00000000e0000000, 0x00000000fec00000, 0x0000000100000000)
  eden space 230400K, 100% used [0x00000000e0000000,0x00000000ee100000,0x00000000ee100000)
  from space 70656K, 99% used [0x00000000ee100000,0x00000000f25ee1c8,0x00000000f2600000)
  to   space 136704K, 0% used [0x00000000f6680000,0x00000000f6680000,0x00000000fec00000)
 ParOldGen       total 620032K, used 333134K [0x00000000a0000000, 0x00000000c5d80000, 0x00000000e0000000)
  object space 620032K, 53% used [0x00000000a0000000,0x00000000b4553818,0x00000000c5d80000)
 Metaspace       used 146835K, capacity 154132K, committed 154200K, reserved 1183744K
  class space    used 18827K, capacity 20293K, committed 20312K, reserved 1048576K
Event: 3066.653 GC heap after
Heap after GC invocations=42 (full 6):
 PSYoungGen      total 367616K, used 85422K [0x00000000e0000000, 0x00000000ffb80000, 0x0000000100000000)
  eden space 230912K, 0% used [0x00000000e0000000,0x00000000e0000000,0x00000000ee180000)
  from space 136704K, 62% used [0x00000000f6680000,0x00000000fb9ebb88,0x00000000fec00000)
  to   space 136192K, 0% used [0x00000000ee180000,0x00000000ee180000,0x00000000f6680000)
 ParOldGen       total 620032K, used 333142K [0x00000000a0000000, 0x00000000c5d80000, 0x00000000e0000000)
  object space 620032K, 53% used [0x00000000a0000000,0x00000000b4555818,0x00000000c5d80000)
 Metaspace       used 146835K, capacity 154132K, committed 154200K, reserved 1183744K
  class space    used 18827K, capacity 20293K, committed 20312K, reserved 1048576K
}
Event: 3069.217 GC heap before
{Heap before GC invocations=43 (full 6):
 PSYoungGen      total 367616K, used 316334K [0x00000000e0000000, 0x00000000ffb80000, 0x0000000100000000)
  eden space 230912K, 100% used [0x00000000e0000000,0x00000000ee180000,0x00000000ee180000)
  from space 136704K, 62% used [0x00000000f6680000,0x00000000fb9ebb88,0x00000000fec00000)
  to   space 136192K, 0% used [0x00000000ee180000,0x00000000ee180000,0x00000000f6680000)
 ParOldGen       total 620032K, used 333142K [0x00000000a0000000, 0x00000000c5d80000, 0x00000000e0000000)
  object space 620032K, 53% used [0x00000000a0000000,0x00000000b4555818,0x00000000c5d80000)
 Metaspace       used 147596K, capacity 154950K, committed 155096K, reserved 1183744K
  class space    used 18887K, capacity 20360K, committed 20440K, reserved 1048576K

